<?xml version="1.0" encoding="UTF-8"?>
<testExecutions version="1">
  <file path="C:\Users\Juliano\Desktop\mypage\tests\unit\example.spec.js">
    <testCase name="HelloWorld.vue renders props.msg when passed" duration="27"/>
    <testCase name="HelloWorld.vue can handle strange characters" duration="16"/>
  </file>
</testExecutions>