<?xml version="1.0" encoding="UTF-8"?>
<testExecutions version="1">
  <file path="C:\Users\Juliano\Desktop\mypage\tests\unit\app.spec.js">
    <testCase name="App.vue has a menu burger" duration="28"/>
    <testCase name="App.vue toggles the menu when burger it&apos;s clicked" duration="17"/>
  </file>
</testExecutions>