<?xml version="1.0" encoding="UTF-8"?>
<testExecutions version="1">
  <file path="C:\Users\Juliano\Desktop\mypage\tests\unit\example.spec.js">
    <testCase name="HelloWorld.vue renders props.msg when passed" duration="36"/>
    <testCase name="HelloWorld.vue can handle strange characters" duration="22"/>
  </file>
  <file path="C:\Users\Juliano\Desktop\mypage\tests\unit\about.spec.js">
    <testCase name="About.vue has a title" duration="30"/>
  </file>
  <file path="C:\Users\Juliano\Desktop\mypage\tests\unit\navbar.spec.js">
    <testCase name="Navbar.vue has a menu burger" duration="28"/>
    <testCase name="Navbar.vue toggles the menu when burger it&apos;s clicked" duration="19"/>
  </file>
</testExecutions>